{
  "0 debug pnpm:scope": {
    "selected": 1
  },
  "1 error pnpm": {
    "errno": 1,
    "code": "ELIFECYCLE",
    "pkgid": "template@1.0.0",
    "stage": "all",
    "script": "pnpm run clean && pnpm install && pnpm run build && pnpm run test",
    "pkgname": "template",
    "err": {
      "name": "pnpm",
      "message": "template@1.0.0 all: `pnpm run clean && pnpm install && pnpm run build && pnpm run test`\nExit status 1",
      "code": "ELIFECYCLE",
      "stack": "pnpm: template@1.0.0 all: `pnpm run clean && pnpm install && pnpm run build && pnpm run test`\nExit status 1\n    at EventEmitter.<anonymous> (/Users/alain/pnpm-global/5/node_modules/.pnpm/pnpm@6.32.10/node_modules/pnpm/dist/pnpm.cjs:105830:20)\n    at EventEmitter.emit (events.js:400:28)\n    at ChildProcess.<anonymous> (/Users/alain/pnpm-global/5/node_modules/.pnpm/pnpm@6.32.10/node_modules/pnpm/dist/pnpm.cjs:92391:18)\n    at ChildProcess.emit (events.js:400:28)\n    at maybeClose (internal/child_process.js:1058:16)\n    at Process.ChildProcess._handle.onexit (internal/child_process.js:293:5)"
    }
  },
  "2 warn pnpm:global": " Local package.json exists, but node_modules missing, did you mean to install?"
}